grafika/build/outputs/logs/manifest-merger-debug-report.txt
-- Merging decision tree log ---
manifest
ADDED from src\main\AndroidManifest.xml:18:1-155:12
	package
		ADDED from src\main\AndroidManifest.xml:19:5-34
		INJECTED from src\main\AndroidManifest.xml
		INJECTED from src\main\AndroidManifest.xml
	android:versionName
		ADDED from src\main\AndroidManifest.xml:21:5-30
		INJECTED from src\main\AndroidManifest.xml
		INJECTED from src\main\AndroidManifest.xml
	android:versionCode
		ADDED from src\main\AndroidManifest.xml:20:5-29
		INJECTED from src\main\AndroidManifest.xml
		INJECTED from src\main\AndroidManifest.xml
	xmlns:android
		ADDED from src\main\AndroidManifest.xml:18:11-69
uses-permission#android.permission.WRITE_EXTERNAL_STORAGE
ADDED from src\main\AndroidManifest.xml:22:5-81
	android:name
		ADDED from src\main\AndroidManifest.xml:22:22-78
uses-permission#android.permission.CAMERA
ADDED from src\main\AndroidManifest.xml:23:5-65
	android:name
		ADDED from src\main\AndroidManifest.xml:23:22-62
uses-permission#android.permission.RECORD_AUDIO
ADDED from src\main\AndroidManifest.xml:24:5-71
	android:name
		ADDED from src\main\AndroidManifest.xml:24:22-68
uses-permission#android.permission.INTERNET
ADDED from src\main\AndroidManifest.xml:25:5-67
	android:name
		ADDED from src\main\AndroidManifest.xml:25:22-64
uses-permission#android.permission.READ_EXTERNAL_STORAGE
ADDED from src\main\AndroidManifest.xml:26:5-80
	android:name
		ADDED from src\main\AndroidManifest.xml:26:22-77
uses-sdk
ADDED from src\main\AndroidManifest.xml:29:5-31:41
MERGED from [com.android.support:support-v4:23.4.0] AndroidManifest.xml:20:5-43
	android:targetSdkVersion
		ADDED from src\main\AndroidManifest.xml:31:9-38
		INJECTED from src\main\AndroidManifest.xml
		INJECTED from src\main\AndroidManifest.xml
	android:minSdkVersion
		ADDED from src\main\AndroidManifest.xml:30:9-35
		INJECTED from src\main\AndroidManifest.xml
		INJECTED from src\main\AndroidManifest.xml
uses-feature#0x00020000
ADDED from src\main\AndroidManifest.xml:35:5-78
	android:glEsVersion
		ADDED from src\main\AndroidManifest.xml:35:19-51
	android:required
		ADDED from src\main\AndroidManifest.xml:35:52-75
application
ADDED from src\main\AndroidManifest.xml:37:5-153:19
MERGED from [com.android.support:support-v4:23.4.0] AndroidManifest.xml:22:5-20
	android:label
		ADDED from src\main\AndroidManifest.xml:40:9-41
	android:allowBackup
		ADDED from src\main\AndroidManifest.xml:38:9-35
	android:icon
		ADDED from src\main\AndroidManifest.xml:39:9-45
	android:theme
		ADDED from src\main\AndroidManifest.xml:41:9-40
activity#com.android.grafika.MainActivity
ADDED from src\main\AndroidManifest.xml:43:9-51:20
	android:label
		ADDED from src\main\AndroidManifest.xml:45:13-45
	android:name
		ADDED from src\main\AndroidManifest.xml:44:13-60
intent-filter#android.intent.action.MAIN+android.intent.category.LAUNCHER
ADDED from src\main\AndroidManifest.xml:46:13-50:29
action#android.intent.action.MAIN
ADDED from src\main\AndroidManifest.xml:47:17-69
	android:name
		ADDED from src\main\AndroidManifest.xml:47:25-66
category#android.intent.category.LAUNCHER
ADDED from src\main\AndroidManifest.xml:49:17-77
	android:name
		ADDED from src\main\AndroidManifest.xml:49:27-74
activity#com.android.grafika.ReadPixelsActivity
ADDED from src\main\AndroidManifest.xml:52:9-55:20
	android:label
		ADDED from src\main\AndroidManifest.xml:54:13-63
	android:name
		ADDED from src\main\AndroidManifest.xml:53:13-66
activity#com.android.grafika.PlayMovieActivity
ADDED from src\main\AndroidManifest.xml:56:9-59:20
	android:label
		ADDED from src\main\AndroidManifest.xml:58:13-62
	android:name
		ADDED from src\main\AndroidManifest.xml:57:13-65
activity#com.android.grafika.LiveCameraActivity
ADDED from src\main\AndroidManifest.xml:60:9-63:20
	android:label
		ADDED from src\main\AndroidManifest.xml:62:13-63
	android:name
		ADDED from src\main\AndroidManifest.xml:61:13-66
activity#com.android.grafika.CameraCaptureActivity
ADDED from src\main\AndroidManifest.xml:64:9-67:20
	android:label
		ADDED from src\main\AndroidManifest.xml:66:13-66
	android:name
		ADDED from src\main\AndroidManifest.xml:65:13-69
activity#com.android.grafika.TextureViewGLActivity
ADDED from src\main\AndroidManifest.xml:68:9-71:20
	android:label
		ADDED from src\main\AndroidManifest.xml:70:13-67
	android:name
		ADDED from src\main\AndroidManifest.xml:69:13-69
activity#com.android.grafika.TextureViewCanvasActivity
ADDED from src\main\AndroidManifest.xml:72:9-75:20
	android:label
		ADDED from src\main\AndroidManifest.xml:74:13-71
	android:name
		ADDED from src\main\AndroidManifest.xml:73:13-73
activity#com.android.grafika.RecordFBOActivity
ADDED from src\main\AndroidManifest.xml:76:9-87:20
	android:label
		ADDED from src\main\AndroidManifest.xml:78:13-62
	android:theme
		ADDED from src\main\AndroidManifest.xml:79:13-71
	android:name
		ADDED from src\main\AndroidManifest.xml:77:13-65
activity#com.android.grafika.ChorTestActivity
ADDED from src\main\AndroidManifest.xml:88:9-91:20
	android:label
		ADDED from src\main\AndroidManifest.xml:90:13-61
	android:name
		ADDED from src\main\AndroidManifest.xml:89:13-64
activity#com.android.grafika.DoubleDecodeActivity
ADDED from src\main\AndroidManifest.xml:92:9-95:20
	android:label
		ADDED from src\main\AndroidManifest.xml:94:13-65
	android:name
		ADDED from src\main\AndroidManifest.xml:93:13-68
activity#com.android.grafika.ContinuousCaptureActivity
ADDED from src\main\AndroidManifest.xml:96:9-99:20
	android:label
		ADDED from src\main\AndroidManifest.xml:98:13-70
	android:name
		ADDED from src\main\AndroidManifest.xml:97:13-73
activity#com.android.grafika.SoftInputSurfaceActivity
ADDED from src\main\AndroidManifest.xml:100:9-103:20
	android:label
		ADDED from src\main\AndroidManifest.xml:102:13-70
	android:name
		ADDED from src\main\AndroidManifest.xml:101:13-72
activity#com.android.grafika.HardwareScalerActivity
ADDED from src\main\AndroidManifest.xml:104:9-108:20
	android:label
		ADDED from src\main\AndroidManifest.xml:106:13-67
	android:theme
		ADDED from src\main\AndroidManifest.xml:107:13-71
	android:name
		ADDED from src\main\AndroidManifest.xml:105:13-70
activity#com.android.grafika.GlesInfoActivity
ADDED from src\main\AndroidManifest.xml:109:9-112:20
	android:label
		ADDED from src\main\AndroidManifest.xml:111:13-61
	android:name
		ADDED from src\main\AndroidManifest.xml:110:13-64
activity#com.android.grafika.PlayMovieSurfaceActivity
ADDED from src\main\AndroidManifest.xml:113:9-116:20
	android:label
		ADDED from src\main\AndroidManifest.xml:115:13-70
	android:name
		ADDED from src\main\AndroidManifest.xml:114:13-72
activity#com.android.grafika.MultiSurfaceActivity
ADDED from src\main\AndroidManifest.xml:117:9-121:20
	android:label
		ADDED from src\main\AndroidManifest.xml:119:13-70
	android:theme
		ADDED from src\main\AndroidManifest.xml:120:13-54
	android:name
		ADDED from src\main\AndroidManifest.xml:118:13-68
activity#com.android.grafika.CodecOpenActivity
ADDED from src\main\AndroidManifest.xml:122:9-125:20
	android:label
		ADDED from src\main\AndroidManifest.xml:124:13-62
	android:name
		ADDED from src\main\AndroidManifest.xml:123:13-65
activity#com.android.grafika.TextureUploadActivity
ADDED from src\main\AndroidManifest.xml:126:9-129:20
	android:label
		ADDED from src\main\AndroidManifest.xml:128:13-66
	android:name
		ADDED from src\main\AndroidManifest.xml:127:13-69
activity#com.android.grafika.ColorBarActivity
ADDED from src\main\AndroidManifest.xml:130:9-134:20
	android:label
		ADDED from src\main\AndroidManifest.xml:132:13-52
	android:theme
		ADDED from src\main\AndroidManifest.xml:133:13-71
	android:name
		ADDED from src\main\AndroidManifest.xml:131:13-64
activity#com.android.grafika.ScheduledSwapActivity
ADDED from src\main\AndroidManifest.xml:135:9-139:20
	android:label
		ADDED from src\main\AndroidManifest.xml:137:13-57
	android:theme
		ADDED from src\main\AndroidManifest.xml:138:13-55
	android:name
		ADDED from src\main\AndroidManifest.xml:136:13-69
activity#com.android.grafika.TextureFromCameraActivity
ADDED from src\main\AndroidManifest.xml:140:9-144:20
	android:label
		ADDED from src\main\AndroidManifest.xml:142:13-62
	android:theme
		ADDED from src\main\AndroidManifest.xml:143:13-71
	android:name
		ADDED from src\main\AndroidManifest.xml:141:13-73
activity#com.android.grafika.RecordScreenActivity
ADDED from src\main\AndroidManifest.xml:146:9-147:44
	android:label
		ADDED from src\main\AndroidManifest.xml:147:13-42
	android:name
		ADDED from src\main\AndroidManifest.xml:146:19-74
activity#com.android.grafika.RecordScreenActivity2
ADDED from src\main\AndroidManifest.xml:148:9-149:44
	android:label
		ADDED from src\main\AndroidManifest.xml:149:13-42
	android:name
		ADDED from src\main\AndroidManifest.xml:148:19-75
activity#com.android.grafika.rtmpconnection1.RecordScreenActivityBackup
ADDED from src\main\AndroidManifest.xml:150:9-152:20
	android:label
		ADDED from src\main\AndroidManifest.xml:151:13-42
	android:name
		ADDED from src\main\AndroidManifest.xml:150:19-96